# JRE version: OpenJDK Runtime Environment (21.0.8) (build 21.0.8+-14196175-b1038.72)
# Java VM: OpenJDK 64-Bit Server VM (21.0.8+-14196175-b1038.72, mixed mode, tiered, compressed oops, compressed class ptrs, g1 gc, windows-amd64)
GC Precious Log:
 CardTable entry size: 512
 Card Set container configuration: InlinePtr #cards 4 size 8 Array Of Cards #cards 16 size 48 Howl #buckets 8 coarsen threshold 3686 Howl Bitmap #cards 512 size 80 coarsen threshold 460 Card regions per heap region 1 cards per card region 4096
 CPUs: 12 total, 12 available
 Memory: 16052M
 Large Page Support: Disabled
 NUMA Support: Disabled
 Compressed Oops: Enabled (Zero based)
 Heap Region Size: 2M
 Heap Min Capacity: 8M
 Heap Initial Capacity: 252M
 Heap Max Capacity: 4G
 Pre-touch: Disabled
 Parallel Workers: 10
 Concurrent Workers: 3
 Concurrent Refinement Workers: 10
 Periodic GC: Disabled
Heap:
 garbage-first heap   total 131072K, used 93517K [0x0000000700000000, 0x0000000800000000)
  region size 2048K, 18 young (36864K), 2 survivors (4096K)
 Metaspace       used 50324K, committed 51648K, reserved 917504K
  class space    used 7027K, committed 7680K, reserved 851968K
GC Heap History (18 events):
Event: 0.430 GC heap before
{Heap before GC invocations=0 (full 0):
 garbage-first heap   total 258048K, used 22528K [0x0000000700000000, 0x0000000800000000)
  region size 2048K, 11 young (22528K), 0 survivors (0K)
 Metaspace       used 7580K, committed 7744K, reserved 917504K
  class space    used 704K, committed 768K, reserved 851968K
}
Event: 0.432 GC heap after
{Heap after GC invocations=1 (full 0):
 garbage-first heap   total 258048K, used 1573K [0x0000000700000000, 0x0000000800000000)
  region size 2048K, 1 young (2048K), 1 survivors (2048K)
 Metaspace       used 7580K, committed 7744K, reserved 917504K
  class space    used 704K, committed 768K, reserved 851968K
}
Event: 1.214 GC heap before
{Heap before GC invocations=1 (full 0):
 garbage-first heap   total 258048K, used 52773K [0x0000000700000000, 0x0000000800000000)
  region size 2048K, 25 young (51200K), 1 survivors (2048K)
 Metaspace       used 12547K, committed 12736K, reserved 917504K
  class space    used 1377K, committed 1472K, reserved 851968K
}
Event: 1.218 GC heap after
{Heap after GC invocations=2 (full 0):
 garbage-first heap   total 258048K, used 12238K [0x0000000700000000, 0x0000000800000000)
  region size 2048K, 4 young (8192K), 4 survivors (8192K)
 Metaspace       used 12547K, committed 12736K, reserved 917504K
  class space    used 1377K, committed 1472K, reserved 851968K
}
Event: 10.633 GC heap before
{Heap before GC invocations=2 (full 0):
 garbage-first heap   total 258048K, used 75726K [0x0000000700000000, 0x0000000800000000)
  region size 2048K, 36 young (73728K), 4 survivors (8192K)
 Metaspace       used 21205K, committed 21504K, reserved 917504K
  class space    used 2515K, committed 2688K, reserved 851968K
}
Event: 11.663 GC heap after
{Heap after GC invocations=3 (full 0):
 garbage-first heap   total 258048K, used 20778K [0x0000000700000000, 0x0000000800000000)
  region size 2048K, 5 young (10240K), 5 survivors (10240K)
 Metaspace       used 21205K, committed 21504K, reserved 917504K
  class space    used 2515K, committed 2688K, reserved 851968K
}
Event: 14.592 GC heap before
{Heap before GC invocations=4 (full 0):
 garbage-first heap   total 75776K, used 74026K [0x0000000700000000, 0x0000000800000000)
  region size 2048K, 31 young (63488K), 5 survivors (10240K)
 Metaspace       used 29629K, committed 30080K, reserved 917504K
  class space    used 3859K, committed 4096K, reserved 851968K
}
Event: 14.600 GC heap after
{Heap after GC invocations=5 (full 0):
 garbage-first heap   total 88064K, used 24024K [0x0000000700000000, 0x0000000800000000)
  region size 2048K, 6 young (12288K), 6 survivors (12288K)
 Metaspace       used 29629K, committed 30080K, reserved 917504K
  class space    used 3859K, committed 4096K, reserved 851968K
}
Event: 15.183 GC heap before
{Heap before GC invocations=5 (full 0):
 garbage-first heap   total 88064K, used 60888K [0x0000000700000000, 0x0000000800000000)
  region size 2048K, 25 young (51200K), 6 survivors (12288K)
 Metaspace       used 35073K, committed 35840K, reserved 917504K
  class space    used 4644K, committed 4992K, reserved 851968K
}
Event: 15.191 GC heap after
{Heap after GC invocations=6 (full 0):
 garbage-first heap   total 88064K, used 26008K [0x0000000700000000, 0x0000000800000000)
  region size 2048K, 3 young (6144K), 3 survivors (6144K)
 Metaspace       used 35073K, committed 35840K, reserved 917504K
  class space    used 4644K, committed 4992K, reserved 851968K
}
Event: 15.214 GC heap before
{Heap before GC invocations=6 (full 0):
 garbage-first heap   total 88064K, used 28056K [0x0000000700000000, 0x0000000800000000)
  region size 2048K, 5 young (10240K), 3 survivors (6144K)
 Metaspace       used 35335K, committed 36096K, reserved 917504K
  class space    used 4681K, committed 5056K, reserved 851968K
}
Event: 15.218 GC heap after
{Heap after GC invocations=7 (full 0):
 garbage-first heap   total 88064K, used 25938K [0x0000000700000000, 0x0000000800000000)
  region size 2048K, 2 young (4096K), 2 survivors (4096K)
 Metaspace       used 35335K, committed 36096K, reserved 917504K
  class space    used 4681K, committed 5056K, reserved 851968K
}
Event: 15.790 GC heap before
{Heap before GC invocations=8 (full 0):
 garbage-first heap   total 88064K, used 83282K [0x0000000700000000, 0x0000000800000000)
  region size 2048K, 19 young (38912K), 2 survivors (4096K)
 Metaspace       used 38871K, committed 39808K, reserved 917504K
  class space    used 5335K, committed 5824K, reserved 851968K
}
Event: 15.795 GC heap after
{Heap after GC invocations=9 (full 0):
 garbage-first heap   total 100352K, used 60429K [0x0000000700000000, 0x0000000800000000)
  region size 2048K, 3 young (6144K), 3 survivors (6144K)
 Metaspace       used 38871K, committed 39808K, reserved 917504K
  class space    used 5335K, committed 5824K, reserved 851968K
}
Event: 16.145 GC heap before
{Heap before GC invocations=9 (full 0):
 garbage-first heap   total 100352K, used 87053K [0x0000000700000000, 0x0000000800000000)
  region size 2048K, 16 young (32768K), 3 survivors (6144K)
 Metaspace       used 42130K, committed 43200K, reserved 917504K
  class space    used 5850K, committed 6400K, reserved 851968K
}
Event: 16.150 GC heap after
{Heap after GC invocations=10 (full 0):
 garbage-first heap   total 100352K, used 61523K [0x0000000700000000, 0x0000000800000000)
  region size 2048K, 1 young (2048K), 1 survivors (2048K)
 Metaspace       used 42130K, committed 43200K, reserved 917504K
  class space    used 5850K, committed 6400K, reserved 851968K
}
Event: 16.470 GC heap before
{Heap before GC invocations=10 (full 0):
 garbage-first heap   total 100352K, used 86099K [0x0000000700000000, 0x0000000800000000)
  region size 2048K, 14 young (28672K), 1 survivors (2048K)
 Metaspace       used 45269K, committed 46528K, reserved 917504K
  class space    used 6372K, committed 6976K, reserved 851968K
}
Event: 16.473 GC heap after
{Heap after GC invocations=11 (full 0):
 garbage-first heap   total 131072K, used 62797K [0x0000000700000000, 0x0000000800000000)
  region size 2048K, 2 young (4096K), 2 survivors (4096K)
 Metaspace       used 45269K, committed 46528K, reserved 917504K
  class space    used 6372K, committed 6976K, reserved 851968K
}

