# JRE version: OpenJDK Runtime Environment (21.0.8) (build 21.0.8+-14196175-b1038.72)
# Java VM: OpenJDK 64-Bit Server VM (21.0.8+-14196175-b1038.72, mixed mode, tiered, compressed oops, compressed class ptrs, g1 gc, windows-amd64)
GC Precious Log:
 CardTable entry size: 512
 Card Set container configuration: InlinePtr #cards 4 size 8 Array Of Cards #cards 16 size 48 Howl #buckets 8 coarsen threshold 3686 Howl Bitmap #cards 512 size 80 coarsen threshold 460 Card regions per heap region 1 cards per card region 4096
 CPUs: 12 total, 12 available
 Memory: 16052M
 Large Page Support: Disabled
 NUMA Support: Disabled
 Compressed Oops: Enabled (Zero based)
 Heap Region Size: 2M
 Heap Min Capacity: 8M
 Heap Initial Capacity: 252M
 Heap Max Capacity: 4G
 Pre-touch: Disabled
 Parallel Workers: 10
 Concurrent Workers: 3
 Concurrent Refinement Workers: 10
 Periodic GC: Disabled
Heap:
 garbage-first heap   total 131072K, used 72561K [0x0000000700000000, 0x0000000800000000)
  region size 2048K, 4 young (8192K), 4 survivors (8192K)
 Metaspace       used 79869K, committed 81728K, reserved 983040K
  class space    used 11252K, committed 12160K, reserved 851968K
GC Heap History (20 events):
Event: 5.415 GC heap after
{Heap after GC invocations=11 (full 0):
 garbage-first heap   total 108544K, used 35213K [0x0000000700000000, 0x0000000800000000)
  region size 2048K, 2 young (4096K), 2 survivors (4096K)
 Metaspace       used 51629K, committed 52992K, reserved 917504K
  class space    used 7192K, committed 7808K, reserved 851968K
}
Event: 5.815 GC heap before
{Heap before GC invocations=11 (full 0):
 garbage-first heap   total 108544K, used 92557K [0x0000000700000000, 0x0000000800000000)
  region size 2048K, 30 young (61440K), 2 survivors (4096K)
 Metaspace       used 53917K, committed 55232K, reserved 917504K
  class space    used 7568K, committed 8192K, reserved 851968K
}
Event: 5.820 GC heap after
{Heap after GC invocations=12 (full 0):
 garbage-first heap   total 108544K, used 37968K [0x0000000700000000, 0x0000000800000000)
  region size 2048K, 3 young (6144K), 3 survivors (6144K)
 Metaspace       used 53917K, committed 55232K, reserved 917504K
  class space    used 7568K, committed 8192K, reserved 851968K
}
Event: 6.174 GC heap before
{Heap before GC invocations=12 (full 0):
 garbage-first heap   total 108544K, used 91216K [0x0000000700000000, 0x0000000800000000)
  region size 2048K, 30 young (61440K), 3 survivors (6144K)
 Metaspace       used 55025K, committed 56448K, reserved 917504K
  class space    used 7715K, committed 8384K, reserved 851968K
}
Event: 6.181 GC heap after
{Heap after GC invocations=13 (full 0):
 garbage-first heap   total 108544K, used 40725K [0x0000000700000000, 0x0000000800000000)
  region size 2048K, 3 young (6144K), 3 survivors (6144K)
 Metaspace       used 55025K, committed 56448K, reserved 917504K
  class space    used 7715K, committed 8384K, reserved 851968K
}
Event: 6.873 GC heap before
{Heap before GC invocations=13 (full 0):
 garbage-first heap   total 108544K, used 79637K [0x0000000700000000, 0x0000000800000000)
  region size 2048K, 24 young (49152K), 3 survivors (6144K)
 Metaspace       used 58764K, committed 60096K, reserved 917504K
  class space    used 8085K, committed 8704K, reserved 851968K
}
Event: 6.881 GC heap after
{Heap after GC invocations=14 (full 0):
 garbage-first heap   total 108544K, used 42943K [0x0000000700000000, 0x0000000800000000)
  region size 2048K, 3 young (6144K), 3 survivors (6144K)
 Metaspace       used 58764K, committed 60096K, reserved 917504K
  class space    used 8085K, committed 8704K, reserved 851968K
}
Event: 7.616 GC heap before
{Heap before GC invocations=15 (full 0):
 garbage-first heap   total 108544K, used 94143K [0x0000000700000000, 0x0000000800000000)
  region size 2048K, 27 young (55296K), 3 survivors (6144K)
 Metaspace       used 63900K, committed 65472K, reserved 917504K
  class space    used 8976K, committed 9728K, reserved 851968K
}
Event: 7.622 GC heap after
{Heap after GC invocations=16 (full 0):
 garbage-first heap   total 131072K, used 49748K [0x0000000700000000, 0x0000000800000000)
  region size 2048K, 4 young (8192K), 4 survivors (8192K)
 Metaspace       used 63900K, committed 65472K, reserved 917504K
  class space    used 8976K, committed 9728K, reserved 851968K
}
Event: 8.252 GC heap before
{Heap before GC invocations=16 (full 0):
 garbage-first heap   total 131072K, used 113236K [0x0000000700000000, 0x0000000800000000)
  region size 2048K, 35 young (71680K), 4 survivors (8192K)
 Metaspace       used 68496K, committed 70208K, reserved 917504K
  class space    used 9635K, committed 10432K, reserved 851968K
}
Event: 8.259 GC heap after
{Heap after GC invocations=17 (full 0):
 garbage-first heap   total 131072K, used 52210K [0x0000000700000000, 0x0000000800000000)
  region size 2048K, 4 young (8192K), 4 survivors (8192K)
 Metaspace       used 68496K, committed 70208K, reserved 917504K
  class space    used 9635K, committed 10432K, reserved 851968K
}
Event: 9.109 GC heap before
{Heap before GC invocations=17 (full 0):
 garbage-first heap   total 131072K, used 113650K [0x0000000700000000, 0x0000000800000000)
  region size 2048K, 34 young (69632K), 4 survivors (8192K)
 Metaspace       used 76584K, committed 78336K, reserved 983040K
  class space    used 10906K, committed 11712K, reserved 851968K
}
Event: 9.115 GC heap after
{Heap after GC invocations=18 (full 0):
 garbage-first heap   total 131072K, used 54781K [0x0000000700000000, 0x0000000800000000)
  region size 2048K, 3 young (6144K), 3 survivors (6144K)
 Metaspace       used 76584K, committed 78336K, reserved 983040K
  class space    used 10906K, committed 11712K, reserved 851968K
}
Event: 9.974 GC heap before
{Heap before GC invocations=18 (full 0):
 garbage-first heap   total 131072K, used 114173K [0x0000000700000000, 0x0000000800000000)
  region size 2048K, 33 young (67584K), 3 survivors (6144K)
 Metaspace       used 79219K, committed 81088K, reserved 983040K
  class space    used 11205K, committed 12096K, reserved 851968K
}
Event: 9.981 GC heap after
{Heap after GC invocations=19 (full 0):
 garbage-first heap   total 131072K, used 61003K [0x0000000700000000, 0x0000000800000000)
  region size 2048K, 5 young (10240K), 5 survivors (10240K)
 Metaspace       used 79219K, committed 81088K, reserved 983040K
  class space    used 11205K, committed 12096K, reserved 851968K
}
Event: 10.400 GC heap before
{Heap before GC invocations=20 (full 0):
 garbage-first heap   total 131072K, used 110155K [0x0000000700000000, 0x0000000800000000)
  region size 2048K, 30 young (61440K), 5 survivors (10240K)
 Metaspace       used 79407K, committed 81280K, reserved 983040K
  class space    used 11188K, committed 12096K, reserved 851968K
}
Event: 10.407 GC heap after
{Heap after GC invocations=21 (full 0):
 garbage-first heap   total 131072K, used 64746K [0x0000000700000000, 0x0000000800000000)
  region size 2048K, 3 young (6144K), 3 survivors (6144K)
 Metaspace       used 79407K, committed 81280K, reserved 983040K
  class space    used 11188K, committed 12096K, reserved 851968K
}
Event: 10.696 GC heap before
{Heap before GC invocations=21 (full 0):
 garbage-first heap   total 131072K, used 113898K [0x0000000700000000, 0x0000000800000000)
  region size 2048K, 28 young (57344K), 3 survivors (6144K)
 Metaspace       used 79475K, committed 81344K, reserved 983040K
  class space    used 11189K, committed 12096K, reserved 851968K
}
Event: 10.701 GC heap after
{Heap after GC invocations=22 (full 0):
 garbage-first heap   total 131072K, used 65754K [0x0000000700000000, 0x0000000800000000)
  region size 2048K, 3 young (6144K), 3 survivors (6144K)
 Metaspace       used 79475K, committed 81344K, reserved 983040K
  class space    used 11189K, committed 12096K, reserved 851968K
}
Event: 11.053 GC heap before
{Heap before GC invocations=22 (full 0):
 garbage-first heap   total 131072K, used 110810K [0x0000000700000000, 0x0000000800000000)
  region size 2048K, 27 young (55296K), 3 survivors (6144K)
 Metaspace       used 79869K, committed 81728K, reserved 983040K
  class space    used 11252K, committed 12160K, reserved 851968K
}

